<?xml version="1.0" encoding="UTF-8"?>
<!-- Generated by org.testng.reporters.JUnitReportReporter -->
<testsuite hostname="DESKTOP-TONHVC3" failures="0" tests="2" name="com.saucedemo.qa.testCase.LoginPageTest" time="0.326" errors="0" timestamp="2023-04-22T07:07:57 IST" skipped="0">
  <testcase classname="com.saucedemo.qa.testCase.LoginPageTest" name="verifyLoginPageTitle" time="0.014"/>
  <system-out/>
  <testcase classname="com.saucedemo.qa.testCase.LoginPageTest" name="verifyLoginWithValidCredentials" time="0.312"/>
  <system-out/>
</testsuite> <!-- com.saucedemo.qa.testCase.LoginPageTest -->
